[debug] [2020-06-09T16:04:13.989Z] ----------------------------------------------------------------------
[debug] [2020-06-09T16:04:13.990Z] Command:       /usr/local/bin/node /usr/local/bin/firebase init
[debug] [2020-06-09T16:04:13.991Z] CLI Version:   8.4.2
[debug] [2020-06-09T16:04:13.991Z] Platform:      linux
[debug] [2020-06-09T16:04:13.991Z] Node Version:  v10.16.3
[debug] [2020-06-09T16:04:13.991Z] Time:          Tue Jun 09 2020 21:34:13 GMT+0530 (India Standard Time)
[debug] [2020-06-09T16:04:13.991Z] ----------------------------------------------------------------------
[debug] [2020-06-09T16:04:13.991Z] 
[debug] [2020-06-09T16:04:13.996Z] > command requires scopes: ["email","openid","https://www.googleapis.com/auth/cloudplatformprojects.readonly","https://www.googleapis.com/auth/firebase","https://www.googleapis.com/auth/cloud-platform"]
[debug] [2020-06-09T16:04:13.996Z] > authorizing via signed-in user
[info] 
     ######## #### ########  ######## ########     ###     ######  ########
     ##        ##  ##     ## ##       ##     ##  ##   ##  ##       ##
     ######    ##  ########  ######   ########  #########  ######  ######
     ##        ##  ##    ##  ##       ##     ## ##     ##       ## ##
     ##       #### ##     ## ######## ########  ##     ##  ######  ########

You're about to initialize a Firebase project in this directory:

  /home/anubhav/Documents/Projects/Rajawat_Security_Agency

Before we get started, keep in mind:

  * You are initializing in an existing Firebase project directory

[debug] [2020-06-09T16:04:33.173Z] ----------------------------------------------------------------------
[debug] [2020-06-09T16:04:33.175Z] Command:       /usr/local/bin/node /usr/local/bin/firebase init
[debug] [2020-06-09T16:04:33.175Z] CLI Version:   8.4.2
[debug] [2020-06-09T16:04:33.175Z] Platform:      linux
[debug] [2020-06-09T16:04:33.175Z] Node Version:  v10.16.3
[debug] [2020-06-09T16:04:33.175Z] Time:          Tue Jun 09 2020 21:34:33 GMT+0530 (India Standard Time)
[debug] [2020-06-09T16:04:33.176Z] ----------------------------------------------------------------------
[debug] [2020-06-09T16:04:33.176Z] 
[debug] [2020-06-09T16:04:33.180Z] > command requires scopes: ["email","openid","https://www.googleapis.com/auth/cloudplatformprojects.readonly","https://www.googleapis.com/auth/firebase","https://www.googleapis.com/auth/cloud-platform"]
[debug] [2020-06-09T16:04:33.180Z] > authorizing via signed-in user
[info] 
     ######## #### ########  ######## ########     ###     ######  ########
     ##        ##  ##     ## ##       ##     ##  ##   ##  ##       ##
     ######    ##  ########  ######   ########  #########  ######  ######
     ##        ##  ##    ##  ##       ##     ## ##     ##       ## ##
     ##       #### ##     ## ######## ########  ##     ##  ######  ########

You're about to initialize a Firebase project in this directory:

  /home/anubhav/Documents/Projects/Rajawat_Security_Agency

Before we get started, keep in mind:

  * You are initializing in an existing Firebase project directory

[info] 
=== Project Setup
[info] 
[info] First, let's associate this project directory with a Firebase project.
[info] You can create multiple project aliases by running firebase use --add, 
[info] but for now we'll just set up a default project.
[info] 
[info] i  .firebaserc already has a default project, using rajawat-security. 
[debug] [2020-06-09T16:04:38.727Z] > refreshing access token with scopes: ["email","https://www.googleapis.com/auth/cloud-platform","https://www.googleapis.com/auth/cloudplatformprojects.readonly","https://www.googleapis.com/auth/firebase","openid"]
[debug] [2020-06-09T16:04:38.727Z] >>> HTTP REQUEST POST https://www.googleapis.com/oauth2/v3/token  
 <request body omitted>
[debug] [2020-06-09T16:04:48.760Z] Authentication Error: Your credentials are no longer valid. Please run firebase login --reauth

For CI servers and headless environments, generate a new token with firebase login:ci
[debug] [2020-06-09T16:04:58.788Z] FirebaseError: Authentication Error: Your credentials are no longer valid. Please run firebase login --reauth

For CI servers and headless environments, generate a new token with firebase login:ci
    at Object.<anonymous> (/usr/local/lib/node_modules/firebase-tools/lib/auth.js:23:32)
    at Module._compile (internal/modules/cjs/loader.js:778:30)
    at Object.Module._extensions..js (internal/modules/cjs/loader.js:789:10)
    at Module.load (internal/modules/cjs/loader.js:653:32)
    at tryModuleLoad (internal/modules/cjs/loader.js:593:12)
    at Function.Module._load (internal/modules/cjs/loader.js:585:3)
    at Module.require (internal/modules/cjs/loader.js:692:17)
    at require (internal/modules/cjs/helpers.js:25:18)
    at Object.<anonymous> (/usr/local/lib/node_modules/firebase-tools/lib/commands/login.js:20:14)
    at Module._compile (internal/modules/cjs/loader.js:778:30)
    at Object.Module._extensions..js (internal/modules/cjs/loader.js:789:10)
    at Module.load (internal/modules/cjs/loader.js:653:32)
    at tryModuleLoad (internal/modules/cjs/loader.js:593:12)
    at Function.Module._load (internal/modules/cjs/loader.js:585:3)
    at Module.require (internal/modules/cjs/loader.js:692:17)
    at require (internal/modules/cjs/helpers.js:25:18)
[error] 
[error] Error: Failed to get Firebase project rajawat-security. Please make sure the project exists and your account has permission to access it.
